{"target": 88006.81894547047, "params": {"kappa": 5.6680880188102964, "logistic": 33.008112336053955, "observers": 10.0, "phi": 11.511662863159199}, "datetime": {"datetime": "2023-06-08 10:28:38", "elapsed": 0.0, "delta": 0.0}
}

{"target": 82076.51347950751, "params": {"kappa": 4.587023563268453, "logistic": 17.308464869219947, "observers": 10.0, "phi": 11.727803635215238}, "datetime": {"datetime": "2023-06-08 11:07:11", "elapsed": 2313.406957, "delta": 2313.406957}}

{"target": 85810.53921203471, "params": {"kappa": 5.58706989692268, "logistic": 28.470418350083925, "observers": 10.0, "phi": 13.426097501983797}, "datetime": {"datetime": "2023-06-08 11:44:55", "elapsed": 4576.879902, "delta": 2263.472945}}

{"target": 89383.5482477794, "params": {"kappa": 4.81780899892607, "logistic": 36.952935909773636, "observers": 10.0, "phi": 13.352337550892011}, "datetime": {"datetime": "2023-06-08 12:23:05", "elapsed": 6867.170458, "delta": 2290.290556}}




{"target": 87181.93911692878, "params": {"kappa": 5.669219209468508, "logistic": 28.96724571114379, "observers": 10.0, "phi": 10.990507445424393}, "datetime": {"datetime": "2023-06-08 13:01:37", "elapsed": 9178.935844, "delta": 2311.765386}}



{"target": 86985.8193398715, "params": {"kappa": 8.0, "logistic": 40.0, "observers": 10.0, "phi": 10.0}, "datetime": {"datetime": "2023-06-08 13:39:31", "elapsed": 11453.526082, "delta": 2274.590238}}



{"target": 84680.06454701713, "params": {"kappa": 4.0, "logistic": 40.0, "observers": 10.0, "phi": 15.0}, "datetime": {"datetime": "2023-06-08 14:18:02", "elapsed": 13764.38351, "delta": 2310.857428}}



{"target": 86292.57833935441, "params": {"kappa": 5.7486474481990495, "logistic": 29.047909100521977, "observers": 10.0, "phi": 11.083858387782735}, "datetime": {"datetime": "2023-06-08 14:58:13", "elapsed": 16174.780098, "delta": 2410.396588}}



{"target": 83286.85782595316, "params": {"kappa": 4.084825094610515, "logistic": 35.197030990668026, "observers": 10.0, "phi": 13.510365136217978}, "datetime": {"datetime": "2023-06-08 15:37:25", "elapsed": 18527.112004, "delta": 2352.331906}}



{"target": 86458.12754169658, "params": {"kappa": 4.862141034806289, "logistic": 36.96356537822614, "observers": 10.0, "phi": 13.394306018847328}, "datetime": {"datetime": "2023-06-08 16:16:49", "elapsed": 20890.816992, "delta": 2363.704988}}



{"target": 89594.83789372924, "params": {"kappa": 5.653481418797853, "logistic": 32.910102226019816, "observers": 10.0, "phi": 11.65412400188475}, "datetime": {"datetime": "2023-06-08 16:56:23", "elapsed": 23265.43064, "delta": 2374.613648}}



{"target": 82403.9991293484, "params": {"kappa": 4.817353984864528, "logistic": 36.86385482166842, "observers": 10.0, "phi": 13.347347595266797}, "datetime": {"datetime": "2023-06-08 17:34:36", "elapsed": 25558.416655, "delta": 2292.986015}}


{"target": 86062.0074387815, "params": {"kappa": 5.2995030455960475, "logistic": 30.89453540464485, "observers": 10.0, "phi": 13.757773999573022}, "datetime": {"datetime": "2023-06-08 18:15:01", "elapsed": 27983.067085, "delta": 2424.65043}}


{"target": 85774.44324222591, "params": {"kappa": 5.599890635789233, "logistic": 32.95524929379803, "observers": 10.0, "phi": 11.604309489067012}, "datetime": {"datetime": "2023-06-08 18:53:59", "elapsed": 30320.760517, "delta": 2337.693432}}


{"target": 87520.3869367154, "params": {"kappa": 5.8188512574585705, "logistic": 28.976949517274253, "observers": 10.0, "phi": 11.029194991419583}, "datetime": {"datetime": "2023-06-08 19:32:31", "elapsed": 32633.565759, "delta": 2312.805242}}


{"target": 84113.6407349646, "params": {"kappa": 4.0378546086344755, "logistic": 28.755105836443448, "observers": 10.0, "phi": 12.388995995862228}, "datetime": {"datetime": "2023-06-08 20:11:01", "elapsed": 34942.872845, "delta": 2309.307086}}


{"target": 84628.06073691529, "params": {"kappa": 5.329410661052095, "logistic": 27.1198126628407, "observers": 10.0, "phi": 14.104151395790844}, "datetime": {"datetime": "2023-06-08 20:50:32", "elapsed": 37314.285863, "delta": 2371.413018}}


{"target": 84278.71657718805, "params": {"kappa": 4.936228296804276, "logistic": 26.175046391968188, "observers": 10.0, "phi": 14.745913437130053}, "datetime": {"datetime": "2023-06-08 21:29:05", "elapsed": 39627.076391, "delta": 2312.790528}}


{"target": 85013.82674709635, "params": {"kappa": 5.6614327624478555, "logistic": 32.80708702848991, "observers": 10.0, "phi": 11.666802529228748}, "datetime": {"datetime": "2023-06-08 22:07:34", "elapsed": 41936.273765, "delta": 2309.197374}}


{"target": 83613.7159101923, "params": {"kappa": 5.050880834732036, "logistic": 15.54584638278834, "observers": 10.0, "phi": 13.208139852107394}, "datetime": {"datetime": "2023-06-08 22:46:43", "elapsed": 44284.981388, "delta": 2348.707623}}


{"target": 87283.91255252683, "params": {"kappa": 4.784325199053103, "logistic": 25.00922782978345, "observers": 10.0, "phi": 10.35043069749404}, "datetime": {"datetime": "2023-06-08 23:24:47", "elapsed": 46569.05561, "delta": 2284.074222}}


{"target": 87519.25756744636, "params": {"kappa": 5.687183857256162, "logistic": 32.98888126855066, "observers": 10.0, "phi": 11.471405450243292}, "datetime": {"datetime": "2023-06-09 00:04:30", "elapsed": 48952.160195, "delta": 2383.104585}}


{"target": 85796.55305450481, "params": {"kappa": 4.534851910981779, "logistic": 27.696215214969257, "observers": 10.0, "phi": 12.835820464942017}, "datetime": {"datetime": "2023-06-09 00:42:08", "elapsed": 51209.935204, "delta": 2257.775009}}


{"target": 86459.05881671557, "params": {"kappa": 4.829960780319844, "logistic": 36.95127387529605, "observers": 10.0, "phi": 13.308013053236163}, "datetime": {"datetime": "2023-06-09 01:21:06", "elapsed": 53548.232618, "delta": 2338.297414}}

{"target": 90363.12335054715, "params": {"kappa": 7.272167796046682, "logistic": 19.088167801923802, "observers": 10.0, "phi": 10.804943542970223}, "datetime": {"datetime": "2023-06-09 01:58:39", "elapsed": 55801.554246, "delta": 2253.321628}}

{"target": 84621.81677159859, "params": {"kappa": 7.944038757750992, "logistic": 32.70819099745703, "observers": 10.0, "phi": 13.73062211387422}, "datetime": {"datetime": "2023-06-09 02:36:09", "elapsed": 58051.489531, "delta": 2249.935285}}

{"target": 88500.01628834213, "params": {"kappa": 7.595996133326141, "logistic": 26.30548622018746, "observers": 10.0, "phi": 11.557641046220448}, "datetime": {"datetime": "2023-06-09 03:15:33", "elapsed": 60414.825169, "delta": 2363.335638}}

{"target": 86577.09896250212, "params": {"kappa": 6.806804324698887, "logistic": 24.605895770637375, "observers": 10.0, "phi": 12.44591689354113}, "datetime": {"datetime": "2023-06-09 03:53:28", "elapsed": 62689.936601, "delta": 2275.111432}}

{"target": 88604.4862526911, "params": {"kappa": 4.911991477840629, "logistic": 37.0328916370712, "observers": 10.0, "phi": 13.397519773725783}, "datetime": {"datetime": "2023-06-09 04:31:33", "elapsed": 64974.629284, "delta": 2284.692683}}

{"target": 87296.4547289682, "params": {"kappa": 7.404079645139518, "logistic": 34.573904151461846, "observers": 10.0, "phi": 10.466949186543657}, "datetime": {"datetime": "2023-06-09 05:09:20", "elapsed": 67241.784623, "delta": 2267.155339}}

{"target": 87942.68271857781, "params": {"kappa": 5.665736049581142, "logistic": 29.001176662055858, "observers": 10.0, "phi": 10.997091099444244}, "datetime": {"datetime": "2023-06-09 05:47:48", "elapsed": 69549.822226, "delta": 2308.037603}}

{"target": 86257.2492168427, "params": {"kappa": 6.157058106275709, "logistic": 24.80181848058297, "observers": 10.0, "phi": 12.108262493779222}, "datetime": {"datetime": "2023-06-09 06:25:55", "elapsed": 71836.873516, "delta": 2287.05129}}

{"target": 83686.32911692862, "params": {"kappa": 5.953996115406728, "logistic": 16.604871018080203, "observers": 10.0, "phi": 13.20090412032383}, "datetime": {"datetime": "2023-06-09 07:03:20", "elapsed": 74081.710694, "delta": 2244.837178}}

{"target": 89436.37874259174, "params": {"kappa": 5.661337559317597, "logistic": 33.015206132203716, "observers": 10.0, "phi": 11.571440231170556}, "datetime": {"datetime": "2023-06-09 07:40:42", "elapsed": 76323.672356, "delta": 2241.961662}}

{"target": 87158.61484364593, "params": {"kappa": 6.620253273425471, "logistic": 20.44376745362134, "observers": 10.0, "phi": 14.534988404219977}, "datetime": {"datetime": "2023-06-09 08:20:40", "elapsed": 78721.916949, "delta": 2398.244593}}

{"target": 82852.88162242057, "params": {"kappa": 7.364423380242487, "logistic": 34.581108070591974, "observers": 10.0, "phi": 10.540134132589383}, "datetime": {"datetime": "2023-06-09 08:58:55", "elapsed": 81016.778064, "delta": 2294.861115}}

{"target": 84664.24083859722, "params": {"kappa": 6.960713358775326, "logistic": 39.59719859955402, "observers": 10.0, "phi": 13.705611820213232}, "datetime": {"datetime": "2023-06-09 09:36:51", "elapsed": 83293.55264, "delta": 2276.774576}}

{"target": 85066.45128511793, "params": {"kappa": 5.438657862825277, "logistic": 27.67357256786925, "observers": 10.0, "phi": 12.604653488963265}, "datetime": {"datetime": "2023-06-09 10:14:59", "elapsed": 85581.493126, "delta": 2287.940486}}

{"target": 86223.17857892448, "params": {"kappa": 5.800669701128461, "logistic": 28.896711429758945, "observers": 10.0, "phi": 11.048284329042481}, "datetime": {"datetime": "2023-06-09 10:53:03", "elapsed": 87864.872457, "delta": 2283.379331}}

{"target": 87859.6508440949, "params": {"kappa": 7.722808724081828, "logistic": 37.81226027353982, "observers": 10.0, "phi": 13.4467440283482}, "datetime": {"datetime": "2023-06-09 11:31:19", "elapsed": 90160.955422, "delta": 2296.082965}}

{"target": 90324.72200104815, "params": {"kappa": 6.602765658564186, "logistic": 20.45982485571963, "observers": 10.0, "phi": 14.510350143459675}, "datetime": {"datetime": "2023-06-09 12:09:12", "elapsed": 92434.268232, "delta": 2273.31281}}

{"target": 88933.78282360244, "params": {"kappa": 5.400609703611027, "logistic": 38.57296272900362, "observers": 10.0, "phi": 11.446946371627089}, "datetime": {"datetime": "2023-06-09 12:47:37", "elapsed": 94739.307371, "delta": 2305.039139}}

{"target": 88323.66663062148, "params": {"kappa": 5.727398733851889, "logistic": 31.970963224216607, "observers": 10.0, "phi": 13.378016366643152}, "datetime": {"datetime": "2023-06-09 13:25:41", "elapsed": 97022.980404, "delta": 2283.673033}}

{"target": 85777.36476577204, "params": {"kappa": 6.579802594431879, "logistic": 18.13051922364709, "observers": 10.0, "phi": 11.284217503828513}, "datetime": {"datetime": "2023-06-09 14:05:13", "elapsed": 99395.012347, "delta": 2372.031943}}

{"target": 89006.1872677494, "params": {"kappa": 5.685647703891876, "logistic": 25.451379874505285, "observers": 10.0, "phi": 11.789778229469508}, "datetime": {"datetime": "2023-06-09 14:43:17", "elapsed": 101678.692272, "delta": 2283.679925}}

